Detecting C [-std=c11] compiler features failed to compile with the following output:
Change Dir: /home/qin/code/course: c++/2basic_components_of_programs/cmake-build-debug/CMakeFiles/CMakeTmp

Run Build Command:"/usr/bin/make" "cmTC_b802d/fast"
/usr/bin/make -f CMakeFiles/cmTC_b802d.dir/build.make CMakeFiles/cmTC_b802d.dir/build
make[1]: Entering directory '/home/qin/code/course: c++/2basic_components_of_programs/cmake-build-debug/CMakeFiles/CMakeTmp'
CMakeFiles/cmTC_b802d.dir/build.make:64: *** target pattern contains no '%'.  Stop.
make[1]: Leaving directory '/home/qin/code/course: c++/2basic_components_of_programs/cmake-build-debug/CMakeFiles/CMakeTmp'
Makefile:121: recipe for target 'cmTC_b802d/fast' failed
make: *** [cmTC_b802d/fast] Error 2



Detecting CXX [-std=c++1z] compiler features failed to compile with the following output:
Change Dir: /home/qin/code/course: c++/2basic_components_of_programs/cmake-build-debug/CMakeFiles/CMakeTmp

Run Build Command:"/usr/bin/make" "cmTC_5b27c/fast"
/usr/bin/make -f CMakeFiles/cmTC_5b27c.dir/build.make CMakeFiles/cmTC_5b27c.dir/build
make[1]: Entering directory '/home/qin/code/course: c++/2basic_components_of_programs/cmake-build-debug/CMakeFiles/CMakeTmp'
CMakeFiles/cmTC_5b27c.dir/build.make:64: *** target pattern contains no '%'.  Stop.
make[1]: Leaving directory '/home/qin/code/course: c++/2basic_components_of_programs/cmake-build-debug/CMakeFiles/CMakeTmp'
Makefile:121: recipe for target 'cmTC_5b27c/fast' failed
make: *** [cmTC_5b27c/fast] Error 2



