Detecting C [-std=c11] compiler features failed to compile with the following output:
Change Dir: /home/qin/code/course: c++/4reference/cmake-build-debug/CMakeFiles/CMakeTmp

Run Build Command:"/usr/bin/make" "cmTC_651c6/fast"
/usr/bin/make -f CMakeFiles/cmTC_651c6.dir/build.make CMakeFiles/cmTC_651c6.dir/build
make[1]: Entering directory '/home/qin/code/course: c++/4reference/cmake-build-debug/CMakeFiles/CMakeTmp'
CMakeFiles/cmTC_651c6.dir/build.make:64: *** target pattern contains no '%'.  Stop.
make[1]: Leaving directory '/home/qin/code/course: c++/4reference/cmake-build-debug/CMakeFiles/CMakeTmp'
Makefile:121: recipe for target 'cmTC_651c6/fast' failed
make: *** [cmTC_651c6/fast] Error 2



Detecting CXX [-std=c++1z] compiler features failed to compile with the following output:
Change Dir: /home/qin/code/course: c++/4reference/cmake-build-debug/CMakeFiles/CMakeTmp

Run Build Command:"/usr/bin/make" "cmTC_9c1fd/fast"
/usr/bin/make -f CMakeFiles/cmTC_9c1fd.dir/build.make CMakeFiles/cmTC_9c1fd.dir/build
make[1]: Entering directory '/home/qin/code/course: c++/4reference/cmake-build-debug/CMakeFiles/CMakeTmp'
CMakeFiles/cmTC_9c1fd.dir/build.make:64: *** target pattern contains no '%'.  Stop.
make[1]: Leaving directory '/home/qin/code/course: c++/4reference/cmake-build-debug/CMakeFiles/CMakeTmp'
Makefile:121: recipe for target 'cmTC_9c1fd/fast' failed
make: *** [cmTC_9c1fd/fast] Error 2



