Detecting C [-std=c11] compiler features failed to compile with the following output:
Change Dir: /home/qin/code/course: c++/space_application_release/cmake-build-debug/CMakeFiles/CMakeTmp

Run Build Command:"/usr/bin/make" "cmTC_8ce65/fast"
/usr/bin/make -f CMakeFiles/cmTC_8ce65.dir/build.make CMakeFiles/cmTC_8ce65.dir/build
make[1]: Entering directory '/home/qin/code/course: c++/space_application_release/cmake-build-debug/CMakeFiles/CMakeTmp'
CMakeFiles/cmTC_8ce65.dir/build.make:64: *** target pattern contains no '%'.  Stop.
make[1]: Leaving directory '/home/qin/code/course: c++/space_application_release/cmake-build-debug/CMakeFiles/CMakeTmp'
Makefile:121: recipe for target 'cmTC_8ce65/fast' failed
make: *** [cmTC_8ce65/fast] Error 2



Detecting CXX [-std=c++1z] compiler features failed to compile with the following output:
Change Dir: /home/qin/code/course: c++/space_application_release/cmake-build-debug/CMakeFiles/CMakeTmp

Run Build Command:"/usr/bin/make" "cmTC_8cbee/fast"
/usr/bin/make -f CMakeFiles/cmTC_8cbee.dir/build.make CMakeFiles/cmTC_8cbee.dir/build
make[1]: Entering directory '/home/qin/code/course: c++/space_application_release/cmake-build-debug/CMakeFiles/CMakeTmp'
CMakeFiles/cmTC_8cbee.dir/build.make:64: *** target pattern contains no '%'.  Stop.
make[1]: Leaving directory '/home/qin/code/course: c++/space_application_release/cmake-build-debug/CMakeFiles/CMakeTmp'
Makefile:121: recipe for target 'cmTC_8cbee/fast' failed
make: *** [cmTC_8cbee/fast] Error 2



